<?xml version="1.0" encoding="UTF-8"?>
<!-- Generated by org.testng.reporters.JUnitReportReporter -->
<testsuite hostname="DESKTOP-E1APL2H" failures="0" tests="6" name="test.test" time="73.475" errors="0" timestamp="2023-11-01T12:34:31 IST" skipped="0">
  <testcase classname="test.test" name="test1" time="8.526"/>
  <testcase classname="test.test" name="test2" time="2.773"/>
  <testcase classname="test.test" name="test4" time="26.997"/>
  <testcase classname="test.test" name="test5" time="5.153"/>
  <testcase classname="test.test" name="test3" time="22.935"/>
  <testcase classname="test.test" name="test6" time="7.091"/>
</testsuite> <!-- test.test -->
